# JRE version: Java(TM) SE Runtime Environment (8.0_71-b15) (build 1.8.0_71-b15)
# Java VM: Java HotSpot(TM) 64-Bit Server VM (25.71-b15 mixed mode linux-amd64 compressed oops)
Heap:
 garbage-first heap   total 376832K, used 146780K [0x00000000c0000000, 0x00000000c0100b80, 0x0000000100000000)
  region size 1024K, 10 young (10240K), 1 survivors (1024K)
 Metaspace       used 153457K, capacity 168215K, committed 168848K, reserved 1196032K
  class space    used 18815K, capacity 23110K, committed 23264K, reserved 1048576K
GC Heap History (10 events):
Event: 11184,958 GC heap before
{Heap before GC invocations=83 (full 3):
 garbage-first heap   total 376832K, used 323070K [0x00000000c0000000, 0x00000000c0100b80, 0x0000000100000000)
  region size 1024K, 89 young (91136K), 13 survivors (13312K)
 Metaspace       used 152339K, capacity 167419K, committed 167696K, reserved 1193984K
  class space    used 18694K, capacity 23023K, committed 23136K, reserved 1048576K
Event: 11184,979 GC heap after
Heap after GC invocations=84 (full 3):
 garbage-first heap   total 376832K, used 247939K [0x00000000c0000000, 0x00000000c0100b80, 0x0000000100000000)
  region size 1024K, 3 young (3072K), 3 survivors (3072K)
 Metaspace       used 152339K, capacity 167419K, committed 167696K, reserved 1193984K
  class space    used 18694K, capacity 23023K, committed 23136K, reserved 1048576K
}
Event: 14279,231 GC heap before
{Heap before GC invocations=85 (full 3):
 garbage-first heap   total 376832K, used 290427K [0x00000000c0000000, 0x00000000c0100b80, 0x0000000100000000)
  region size 1024K, 79 young (80896K), 3 survivors (3072K)
 Metaspace       used 153151K, capacity 168011K, committed 168592K, reserved 1193984K
  class space    used 18784K, capacity 23106K, committed 23264K, reserved 1048576K
Event: 14279,260 GC heap after
Heap after GC invocations=86 (full 3):
 garbage-first heap   total 376832K, used 215675K [0x00000000c0000000, 0x00000000c0100b80, 0x0000000100000000)
  region size 1024K, 6 young (6144K), 6 survivors (6144K)
 Metaspace       used 153151K, capacity 168011K, committed 168592K, reserved 1193984K
  class space    used 18784K, capacity 23106K, committed 23264K, reserved 1048576K
}
Event: 14280,131 GC heap before
{Heap before GC invocations=86 (full 3):
 garbage-first heap   total 376832K, used 265275K [0x00000000c0000000, 0x00000000c0100b80, 0x0000000100000000)
  region size 1024K, 18 young (18432K), 6 survivors (6144K)
 Metaspace       used 153214K, capacity 168077K, committed 168592K, reserved 1193984K
  class space    used 18790K, capacity 23108K, committed 23264K, reserved 1048576K
Event: 14280,141 GC heap after
Heap after GC invocations=87 (full 3):
 garbage-first heap   total 376832K, used 179431K [0x00000000c0000000, 0x00000000c0100b80, 0x0000000100000000)
  region size 1024K, 3 young (3072K), 3 survivors (3072K)
 Metaspace       used 153214K, capacity 168077K, committed 168592K, reserved 1193984K
  class space    used 18790K, capacity 23108K, committed 23264K, reserved 1048576K
}
Event: 14280,493 GC heap before
{Heap before GC invocations=87 (full 3):
 garbage-first heap   total 376832K, used 232366K [0x00000000c0000000, 0x00000000c0100b80, 0x0000000100000000)
  region size 1024K, 18 young (18432K), 3 survivors (3072K)
 Metaspace       used 153246K, capacity 168085K, committed 168592K, reserved 1193984K
  class space    used 18794K, capacity 23108K, committed 23264K, reserved 1048576K
Event: 14280,503 GC heap after
Heap after GC invocations=88 (full 3):
 garbage-first heap   total 376832K, used 142906K [0x00000000c0000000, 0x00000000c0100b80, 0x0000000100000000)
  region size 1024K, 2 young (2048K), 2 survivors (2048K)
 Metaspace       used 153246K, capacity 168085K, committed 168592K, reserved 1193984K
  class space    used 18794K, capacity 23108K, committed 23264K, reserved 1048576K
}
Event: 14280,621 GC heap before
{Heap before GC invocations=88 (full 3):
 garbage-first heap   total 376832K, used 159290K [0x00000000c0000000, 0x00000000c0100b80, 0x0000000100000000)
  region size 1024K, 18 young (18432K), 2 survivors (2048K)
 Metaspace       used 153432K, capacity 168215K, committed 168848K, reserved 1196032K
  class space    used 18813K, capacity 23110K, committed 23264K, reserved 1048576K
Event: 14280,630 GC heap after
Heap after GC invocations=89 (full 3):
 garbage-first heap   total 376832K, used 138588K [0x00000000c0000000, 0x00000000c0100b80, 0x0000000100000000)
  region size 1024K, 1 young (1024K), 1 survivors (1024K)
 Metaspace       used 153432K, capacity 168215K, committed 168848K, reserved 1196032K
  class space    used 18813K, capacity 23110K, committed 23264K, reserved 1048576K
}

